# JRE version: OpenJDK Runtime Environment Microsoft-8035246 (17.0.8+7) (build 17.0.8+7-LTS)
# Java VM: OpenJDK 64-Bit Server VM Microsoft-8035246 (17.0.8+7-LTS, mixed mode, sharing, tiered, compressed oops, compressed class ptrs, g1 gc, windows-amd64)
GC Precious Log:
 CPUs: 8 total, 8 available
 Memory: 16315M
 Large Page Support: Disabled
 NUMA Support: Disabled
 Compressed Oops: Enabled (32-bit)
 Heap Region Size: 1M
 Heap Min Capacity: 8M
 Heap Initial Capacity: 256M
 Heap Max Capacity: 2G
 Pre-touch: Disabled
 Parallel Workers: 8
 Concurrent Workers: 2
 Concurrent Refinement Workers: 8
 Periodic GC: Disabled
Heap:
 garbage-first heap   total 205824K, used 169821K [0x0000000080000000, 0x0000000100000000)
  region size 1024K, 7 young (7168K), 1 survivors (1024K)
 Metaspace       used 107160K, committed 108096K, reserved 557056K
  class space    used 14776K, committed 15232K, reserved 425984K
GC Heap History (20 events):
Event: 77.101 GC heap before
{Heap before GC invocations=69 (full 0):
 garbage-first heap   total 205824K, used 173741K [0x0000000080000000, 0x0000000100000000)
  region size 1024K, 32 young (32768K), 4 survivors (4096K)
 Metaspace       used 103187K, committed 104192K, reserved 557056K
  class space    used 14329K, committed 14784K, reserved 425984K
}
Event: 77.109 GC heap after
{Heap after GC invocations=70 (full 0):
 garbage-first heap   total 205824K, used 148941K [0x0000000080000000, 0x0000000100000000)
  region size 1024K, 4 young (4096K), 4 survivors (4096K)
 Metaspace       used 103187K, committed 104192K, reserved 557056K
  class space    used 14329K, committed 14784K, reserved 425984K
}
Event: 77.692 GC heap before
{Heap before GC invocations=70 (full 0):
 garbage-first heap   total 205824K, used 174541K [0x0000000080000000, 0x0000000100000000)
  region size 1024K, 29 young (29696K), 4 survivors (4096K)
 Metaspace       used 103442K, committed 104384K, reserved 557056K
  class space    used 14342K, committed 14784K, reserved 425984K
}
Event: 77.696 GC heap after
{Heap after GC invocations=71 (full 0):
 garbage-first heap   total 205824K, used 151465K [0x0000000080000000, 0x0000000100000000)
  region size 1024K, 3 young (3072K), 3 survivors (3072K)
 Metaspace       used 103442K, committed 104384K, reserved 557056K
  class space    used 14342K, committed 14784K, reserved 425984K
}
Event: 77.943 GC heap before
{Heap before GC invocations=71 (full 0):
 garbage-first heap   total 205824K, used 175017K [0x0000000080000000, 0x0000000100000000)
  region size 1024K, 26 young (26624K), 3 survivors (3072K)
 Metaspace       used 103781K, committed 104704K, reserved 557056K
  class space    used 14382K, committed 14848K, reserved 425984K
}
Event: 77.948 GC heap after
{Heap after GC invocations=72 (full 0):
 garbage-first heap   total 205824K, used 154478K [0x0000000080000000, 0x0000000100000000)
  region size 1024K, 3 young (3072K), 3 survivors (3072K)
 Metaspace       used 103781K, committed 104704K, reserved 557056K
  class space    used 14382K, committed 14848K, reserved 425984K
}
Event: 78.213 GC heap before
{Heap before GC invocations=72 (full 0):
 garbage-first heap   total 205824K, used 174958K [0x0000000080000000, 0x0000000100000000)
  region size 1024K, 24 young (24576K), 3 survivors (3072K)
 Metaspace       used 104762K, committed 105728K, reserved 557056K
  class space    used 14457K, committed 14912K, reserved 425984K
}
Event: 78.219 GC heap after
{Heap after GC invocations=73 (full 0):
 garbage-first heap   total 205824K, used 157946K [0x0000000080000000, 0x0000000100000000)
  region size 1024K, 3 young (3072K), 3 survivors (3072K)
 Metaspace       used 104762K, committed 105728K, reserved 557056K
  class space    used 14457K, committed 14912K, reserved 425984K
}
Event: 78.649 GC heap before
{Heap before GC invocations=73 (full 0):
 garbage-first heap   total 205824K, used 179450K [0x0000000080000000, 0x0000000100000000)
  region size 1024K, 20 young (20480K), 3 survivors (3072K)
 Metaspace       used 106234K, committed 107200K, reserved 557056K
  class space    used 14672K, committed 15104K, reserved 425984K
}
Event: 78.653 GC heap after
{Heap after GC invocations=74 (full 0):
 garbage-first heap   total 205824K, used 159586K [0x0000000080000000, 0x0000000100000000)
  region size 1024K, 2 young (2048K), 2 survivors (2048K)
 Metaspace       used 106234K, committed 107200K, reserved 557056K
  class space    used 14672K, committed 15104K, reserved 425984K
}
Event: 78.872 GC heap before
{Heap before GC invocations=74 (full 0):
 garbage-first heap   total 205824K, used 175970K [0x0000000080000000, 0x0000000100000000)
  region size 1024K, 19 young (19456K), 2 survivors (2048K)
 Metaspace       used 106420K, committed 107392K, reserved 557056K
  class space    used 14680K, committed 15168K, reserved 425984K
}
Event: 78.875 GC heap after
{Heap after GC invocations=75 (full 0):
 garbage-first heap   total 205824K, used 160083K [0x0000000080000000, 0x0000000100000000)
  region size 1024K, 2 young (2048K), 2 survivors (2048K)
 Metaspace       used 106420K, committed 107392K, reserved 557056K
  class space    used 14680K, committed 15168K, reserved 425984K
}
Event: 79.384 GC heap before
{Heap before GC invocations=75 (full 0):
 garbage-first heap   total 205824K, used 176467K [0x0000000080000000, 0x0000000100000000)
  region size 1024K, 19 young (19456K), 2 survivors (2048K)
 Metaspace       used 106556K, committed 107520K, reserved 557056K
  class space    used 14681K, committed 15168K, reserved 425984K
}
Event: 79.386 GC heap after
{Heap after GC invocations=76 (full 0):
 garbage-first heap   total 205824K, used 160719K [0x0000000080000000, 0x0000000100000000)
  region size 1024K, 2 young (2048K), 2 survivors (2048K)
 Metaspace       used 106556K, committed 107520K, reserved 557056K
  class space    used 14681K, committed 15168K, reserved 425984K
}
Event: 80.139 GC heap before
{Heap before GC invocations=76 (full 0):
 garbage-first heap   total 205824K, used 177103K [0x0000000080000000, 0x0000000100000000)
  region size 1024K, 19 young (19456K), 2 survivors (2048K)
 Metaspace       used 107039K, committed 107968K, reserved 557056K
  class space    used 14775K, committed 15232K, reserved 425984K
}
Event: 80.145 GC heap after
{Heap after GC invocations=77 (full 0):
 garbage-first heap   total 205824K, used 163779K [0x0000000080000000, 0x0000000100000000)
  region size 1024K, 3 young (3072K), 3 survivors (3072K)
 Metaspace       used 107039K, committed 107968K, reserved 557056K
  class space    used 14775K, committed 15232K, reserved 425984K
}
Event: 80.511 GC heap before
{Heap before GC invocations=77 (full 0):
 garbage-first heap   total 205824K, used 177091K [0x0000000080000000, 0x0000000100000000)
  region size 1024K, 17 young (17408K), 3 survivors (3072K)
 Metaspace       used 107128K, committed 108096K, reserved 557056K
  class space    used 14776K, committed 15232K, reserved 425984K
}
Event: 80.515 GC heap after
{Heap after GC invocations=78 (full 0):
 garbage-first heap   total 205824K, used 165017K [0x0000000080000000, 0x0000000100000000)
  region size 1024K, 2 young (2048K), 2 survivors (2048K)
 Metaspace       used 107128K, committed 108096K, reserved 557056K
  class space    used 14776K, committed 15232K, reserved 425984K
}
Event: 80.896 GC heap before
{Heap before GC invocations=78 (full 0):
 garbage-first heap   total 205824K, used 177305K [0x0000000080000000, 0x0000000100000000)
  region size 1024K, 15 young (15360K), 2 survivors (2048K)
 Metaspace       used 107156K, committed 108096K, reserved 557056K
  class space    used 14776K, committed 15232K, reserved 425984K
}
Event: 80.899 GC heap after
{Heap after GC invocations=79 (full 0):
 garbage-first heap   total 205824K, used 165725K [0x0000000080000000, 0x0000000100000000)
  region size 1024K, 1 young (1024K), 1 survivors (1024K)
 Metaspace       used 107156K, committed 108096K, reserved 557056K
  class space    used 14776K, committed 15232K, reserved 425984K
}

